----------

Fri Oct 23 2020 17:06:53 GMT-0400 (Eastern Daylight Time)

fatal: not a git repository (or any of the parent directories): .git


----------

Fri Oct 23 2020 17:06:53 GMT-0400 (Eastern Daylight Time)

fatal: not a git repository (or any of the parent directories): .git


----------

Fri Oct 23 2020 17:06:53 GMT-0400 (Eastern Daylight Time)

fatal: not a git repository (or any of the parent directories): .git


----------

Fri Oct 23 2020 17:07:04 GMT-0400 (Eastern Daylight Time)

fatal: not a git repository (or any of the parent directories): .git


----------

Fri Oct 23 2020 17:07:04 GMT-0400 (Eastern Daylight Time)

fatal: not a git repository (or any of the parent directories): .git


----------

Fri Oct 23 2020 17:07:04 GMT-0400 (Eastern Daylight Time)

fatal: not a git repository (or any of the parent directories): .git


----------

Fri Oct 23 2020 17:07:09 GMT-0400 (Eastern Daylight Time)

fatal: not a git repository (or any of the parent directories): .git


----------

Fri Oct 23 2020 17:07:10 GMT-0400 (Eastern Daylight Time)

fatal: not a git repository (or any of the parent directories): .git


----------

Fri Oct 23 2020 17:07:10 GMT-0400 (Eastern Daylight Time)

fatal: not a git repository (or any of the parent directories): .git


----------

Fri Oct 23 2020 17:07:11 GMT-0400 (Eastern Daylight Time)

fatal: not a git repository (or any of the parent directories): .git


----------

Fri Oct 23 2020 17:07:11 GMT-0400 (Eastern Daylight Time)

fatal: not a git repository (or any of the parent directories): .git


----------

Fri Oct 23 2020 17:07:11 GMT-0400 (Eastern Daylight Time)

fatal: not a git repository (or any of the parent directories): .git


----------

Fri Oct 23 2020 20:50:34 GMT-0400 (Eastern Daylight Time)

warning: LF will be replaced by CRLF in assets/bootstrap/css/bootstrap.min.css.
The file will have its original line endings in your working directory


----------

Fri Oct 23 2020 20:50:34 GMT-0400 (Eastern Daylight Time)

warning: LF will be replaced by CRLF in assets/bootstrap/js/bootstrap.min.js.
The file will have its original line endings in your working directory


----------

Fri Oct 23 2020 20:50:34 GMT-0400 (Eastern Daylight Time)

warning: LF will be replaced by CRLF in assets/css/Animated-Typing-With-Blinking.css.
The file will have its original line endings in your working directory


----------

Fri Oct 23 2020 20:50:34 GMT-0400 (Eastern Daylight Time)

warning: LF will be replaced by CRLF in assets/css/Dark-NavBar-1.css.
The file will have its original line endings in your working directory


----------

Fri Oct 23 2020 20:50:34 GMT-0400 (Eastern Daylight Time)

warning: LF will be replaced by CRLF in assets/css/Dark-NavBar.css.
The file will have its original line endings in your working directory


----------

Fri Oct 23 2020 20:50:35 GMT-0400 (Eastern Daylight Time)

warning: LF will be replaced by CRLF in assets/fonts/fa-brands-400.svg.
The file will have its original line endings in your working directory


----------

Fri Oct 23 2020 20:50:35 GMT-0400 (Eastern Daylight Time)

warning: LF will be replaced by CRLF in assets/fonts/fa-regular-400.svg.
The file will have its original line endings in your working directory


----------

Fri Oct 23 2020 20:50:35 GMT-0400 (Eastern Daylight Time)

warning: LF will be replaced by CRLF in assets/fonts/fa-solid-900.svg.
The file will have its original line endings in your working directory


----------

Fri Oct 23 2020 20:50:35 GMT-0400 (Eastern Daylight Time)

warning: LF will be replaced by CRLF in assets/fonts/font-awesome.min.css.
The file will have its original line endings in your working directory


----------

Fri Oct 23 2020 20:50:35 GMT-0400 (Eastern Daylight Time)

warning: LF will be replaced by CRLF in assets/fonts/fontawesome-all.min.css.
The file will have its original line endings in your working directory


----------

Fri Oct 23 2020 20:50:35 GMT-0400 (Eastern Daylight Time)

warning: LF will be replaced by CRLF in assets/fonts/fontawesome-webfont.svg.
The file will have its original line endings in your working directory


----------

Fri Oct 23 2020 20:50:35 GMT-0400 (Eastern Daylight Time)

warning: LF will be replaced by CRLF in assets/js/Animated-Typing-With-Blinking.js.
The file will have its original line endings in your working directory


----------

Fri Oct 23 2020 20:50:35 GMT-0400 (Eastern Daylight Time)

warning: LF will be replaced by CRLF in assets/js/bs-init.js.
The file will have its original line endings in your working directory


----------

Fri Oct 23 2020 20:50:35 GMT-0400 (Eastern Daylight Time)

warning: LF will be replaced by CRLF in assets/js/jquery.min.js.
The file will have its original line endings in your working directory


----------

Fri Oct 23 2020 20:50:35 GMT-0400 (Eastern Daylight Time)

warning: LF will be replaced by CRLF in index.html.
The file will have its original line endings in your working directory


----------

Fri Oct 23 2020 20:50:35 GMT-0400 (Eastern Daylight Time)

warning: LF will be replaced by CRLF in about.html.
The file will have its original line endings in your working directory


----------

Fri Oct 23 2020 20:50:35 GMT-0400 (Eastern Daylight Time)

warning: LF will be replaced by CRLF in assets/css/Social-Icons.css.
The file will have its original line endings in your working directory


----------

Fri Oct 23 2020 20:50:35 GMT-0400 (Eastern Daylight Time)

error: src refspec master does not match any
error: failed to push some refs to 'https://github.com/lexcraw4d/lexcraw4d.github.io.git'


